2025-06-06 14:43:10 - INFO: Game initialized with player: Hero
2025-06-06 14:43:40 - INFO: Game initialized with player: Hero
2025-06-06 14:44:49 - INFO: Game exited by user.
2025-06-06 14:45:01 - INFO: Game initialized with player: Hero
2025-06-06 14:46:02 - INFO: Game exited by user.
2025-06-06 14:46:26 - INFO: Game initialized with player: Hero
2025-06-06 14:47:51 - INFO: Game exited by user.
2025-06-06 14:51:23 - INFO: Game initialized with player: Hero
2025-06-06 14:51:34 - INFO: Game exited by user.
2025-06-06 15:37:38 - INFO: Game initialized with player: Hero
2025-06-06 15:39:05 - INFO: Game exited by user.
2025-06-06 15:54:44 - INFO: Game initialized with player: Hero
2025-06-06 15:55:19 - INFO: Game exited by user.
2025-06-06 15:58:57 - INFO: Game initialized with player: Hero
2025-06-06 15:59:45 - INFO: Game exited by user.
2025-06-07 02:15:41 - INFO: Game initialized with player: Hero
2025-06-07 02:16:03 - INFO: Game exited by user.
2025-06-07 02:21:20 - INFO: Game initialized with player: Hero
2025-06-07 02:21:31 - INFO: Game exited by user.
2025-06-07 02:25:41 - INFO: Game initialized with player: Hero
2025-06-07 02:27:25 - INFO: Game exited by user.
2025-06-07 02:35:01 - INFO: Game initialized with player: Hero
2025-06-07 02:35:05 - INFO: Game exited by user.
2025-06-07 02:37:43 - INFO: Game initialized with player: Hero
2025-06-07 02:38:30 - INFO: Game initialized with player: Hero
2025-06-07 02:38:36 - INFO: Game exited by user.
2025-06-07 02:39:33 - INFO: Game initialized with player: Hero
2025-06-07 02:39:47 - INFO: Game initialized with player: Hero
2025-06-07 02:39:55 - INFO: Game exited by user.
2025-06-07 02:43:07 - INFO: Game initialized with player: Hero
2025-06-07 02:43:25 - INFO: Game exited by user.
2025-06-07 02:43:39 - INFO: Game initialized with player: Hero
2025-06-07 02:43:46 - INFO: Game exited by user.
2025-06-07 02:44:45 - INFO: Game initialized with player: Hero
2025-06-07 02:46:05 - INFO: Game initialized with player: Hero
2025-06-10 05:16:43 - INFO: Game initialized with player: Hero
2025-06-10 05:41:03 - INFO: Game initialized with player: Hero
2025-06-10 05:41:12 - INFO: Game exited by user.
2025-06-10 05:42:27 - INFO: Game initialized with player: Hero
2025-06-10 05:42:32 - INFO: Game exited by user.
2025-06-10 05:42:50 - INFO: Game initialized with player: Hero
2025-06-10 05:42:53 - INFO: Game exited by user.
2025-06-10 05:49:24 - INFO: Game initialized with player: Hero
2025-06-10 05:49:27 - INFO: Fullscreen mode toggled: true
2025-06-10 05:49:27 - INFO: Window resized to: 1536x864
2025-06-10 05:49:31 - INFO: Fullscreen mode toggled: false
2025-06-10 05:49:31 - INFO: Window resized to: 800x600
2025-06-10 05:49:32 - INFO: Fullscreen mode toggled: true
2025-06-10 05:49:32 - INFO: Window resized to: 1536x864
2025-06-10 05:49:32 - INFO: Window resized to: 1536x864
2025-06-10 05:49:32 - INFO: Fullscreen mode toggled: false
2025-06-10 05:49:32 - INFO: Window resized to: 800x600
2025-06-10 05:49:35 - INFO: Fullscreen mode toggled: true
2025-06-10 05:49:35 - INFO: Window resized to: 1536x864
2025-06-10 05:49:35 - INFO: Window resized to: 1536x864
2025-06-10 05:49:38 - INFO: Fullscreen mode toggled: false
2025-06-10 05:49:38 - INFO: Window resized to: 800x600
2025-06-10 05:49:38 - INFO: Fullscreen mode toggled: true
2025-06-10 05:49:38 - INFO: Window resized to: 1536x864
2025-06-10 05:49:38 - INFO: Window resized to: 1536x864
2025-06-10 05:49:39 - INFO: Fullscreen mode toggled: false
2025-06-10 05:49:39 - INFO: Window resized to: 800x600
2025-06-10 05:49:40 - INFO: Fullscreen mode toggled: true
2025-06-10 05:49:40 - INFO: Window resized to: 1536x864
2025-06-10 05:49:40 - INFO: Window resized to: 1536x864
2025-06-10 05:49:40 - INFO: Fullscreen mode toggled: false
2025-06-10 05:49:40 - INFO: Window resized to: 800x600
2025-06-10 05:49:42 - INFO: Game exited by user.
2025-06-10 05:50:55 - INFO: Game initialized with player: Hero
2025-06-10 05:51:05 - INFO: Fullscreen mode toggled: true
2025-06-10 05:51:05 - INFO: Window resized to: 1536x864
2025-06-10 05:51:06 - INFO: Fullscreen mode toggled: false
2025-06-10 05:51:06 - INFO: Window resized to: 800x600
